0 info it worked if it ends with ok
1 verbose cli [ 'c:\\Program Files\\nodejs\\node.exe',
1 verbose cli   'c:\\Program Files\\nodejs\\node_modules\\npm\\bin\\npm-cli.js',
1 verbose cli   'start' ]
2 info using npm@3.10.10
3 info using node@v6.9.5
4 verbose run-script [ 'prestart', 'start', 'poststart' ]
5 info lifecycle @appaya/wp-theme@1.0.0~prestart: @appaya/wp-theme@1.0.0
6 silly lifecycle @appaya/wp-theme@1.0.0~prestart: no script for prestart, continuing
7 info lifecycle @appaya/wp-theme@1.0.0~start: @appaya/wp-theme@1.0.0
8 verbose lifecycle @appaya/wp-theme@1.0.0~start: unsafe-perm in lifecycle true
9 verbose lifecycle @appaya/wp-theme@1.0.0~start: PATH: c:\Program Files\nodejs\node_modules\npm\bin\node-gyp-bin;C:\Raa\FrontEnd\64_blog\wp-content\themes\appaya-wp-theme\node_modules\.bin;c:\windows\system32;c:\windows;c:\windows\system32\wbem;c:\windows\system32\windowspowershell\v1.0\;c:\program files (x86)\ati technologies\ati.ace\core-static;c:\program files (x86)\amd\ati.ace\core-static;c:\program files\nodejs\;c:\program files (x86)\skype\phone\;c:\program files\dotnet\;c:\program files\microsoft sql server\130\tools\binn\;c:\program files (x86)\gtksharp\2.12\bin;c:\program files\git\cmd;c:\easyphp-devserver-17\eds-binaries\php\php713vc14x86x180118210043;c:\programdata\composersetup\bin;c:\users\rabbc\appdata\local\microsoft\windowsapps;c:\users\rabbc\appdata\roaming\npm;c:\program files\heroku\bin;c:\users\rabbc\appdata\roaming\composer\vendor\bin;c:\program files\theme kit;c:\windows\system32;c:\windows;c:\windows\system32\wbem;c:\windows\system32\windowspowershell\v1.0\;;C:\Program Files (x86)\NVIDIA Corporation\PhysX\Common;C:\Users\rabbc\AppData\Local\Microsoft\WindowsApps;C:\Users\rabbc\AppData\Roaming\npm;C:\Program Files\Heroku\bin;C:\Users\rabbc\AppData\Roaming\Composer\vendor\bin;
10 verbose lifecycle @appaya/wp-theme@1.0.0~start: CWD: C:\Raa\FrontEnd\64_blog\wp-content\themes\appaya-wp-theme
11 silly lifecycle @appaya/wp-theme@1.0.0~start: Args: [ '/d /s /c', 'webpack --watch' ]
12 silly lifecycle @appaya/wp-theme@1.0.0~start: Returned: code: 3221225786  signal: null
13 info lifecycle @appaya/wp-theme@1.0.0~start: Failed to exec start script
14 verbose stack Error: @appaya/wp-theme@1.0.0 start: `webpack --watch`
14 verbose stack Exit status 3221225786
14 verbose stack     at EventEmitter.<anonymous> (c:\Program Files\nodejs\node_modules\npm\lib\utils\lifecycle.js:255:16)
14 verbose stack     at emitTwo (events.js:106:13)
14 verbose stack     at EventEmitter.emit (events.js:191:7)
14 verbose stack     at ChildProcess.<anonymous> (c:\Program Files\nodejs\node_modules\npm\lib\utils\spawn.js:40:14)
14 verbose stack     at emitTwo (events.js:106:13)
14 verbose stack     at ChildProcess.emit (events.js:191:7)
14 verbose stack     at maybeClose (internal/child_process.js:877:16)
14 verbose stack     at Process.ChildProcess._handle.onexit (internal/child_process.js:226:5)
15 verbose pkgid @appaya/wp-theme@1.0.0
16 verbose cwd C:\Raa\FrontEnd\64_blog\wp-content\themes\appaya-wp-theme
17 error Windows_NT 10.0.16299
18 error argv "c:\\Program Files\\nodejs\\node.exe" "c:\\Program Files\\nodejs\\node_modules\\npm\\bin\\npm-cli.js" "start"
19 error node v6.9.5
20 error npm  v3.10.10
21 error code ELIFECYCLE
22 error @appaya/wp-theme@1.0.0 start: `webpack --watch`
22 error Exit status 3221225786
23 error Failed at the @appaya/wp-theme@1.0.0 start script 'webpack --watch'.
23 error Make sure you have the latest version of node.js and npm installed.
23 error If you do, this is most likely a problem with the @appaya/wp-theme package,
23 error not with npm itself.
23 error Tell the author that this fails on your system:
23 error     webpack --watch
23 error You can get information on how to open an issue for this project with:
23 error     npm bugs @appaya/wp-theme
23 error Or if that isn't available, you can get their info via:
23 error     npm owner ls @appaya/wp-theme
23 error There is likely additional logging output above.
24 verbose exit [ 1, true ]
